warning: `VIRTUAL_ENV=/home/ITER/mcintos/Code/reckon/.venv` does not match the project environment path `/home/ITER/mcintos/Code/nova/.venv` and will be ignored; use `--active` to target the active environment instead
============================= test session starts ==============================
platform linux -- Python 3.14.2, pytest-9.1.1, pluggy-1.6.0
rootdir: /home/ITER/mcintos/Code/.reckon-worktrees/nova-a0f1e0938fc2/s-20260820-diiid/forward-gs-illustration
configfile: pyproject.toml
plugins: anyio-4.14.2, zarr-3.2.1, asyncio-1.4.0, typeguard-2.13.3, jaxtyping-0.3.11, cov-7.1.0
asyncio: mode=Mode.AUTO, debug=False, asyncio_default_fixture_loop_scope=function, asyncio_default_test_loop_scope=function
collected 6 items

tests/imas/test_diiid_forward_gs_illustration.py ......                  [100%]

============================== 6 passed in 50.10s ==============================
EXIT_MARKER=0
